<?xml version="1.0" encoding="UTF-8"?>
<testsuite name="co.libly.hydride.SignTest" tests="3" skipped="0" failures="0" errors="0" timestamp="2019-08-04T22:23:16" hostname="gp.local" time="0.009">
  <properties/>
  <testcase name="signDeterministic()" classname="co.libly.hydride.SignTest" time="0.001"/>
  <testcase name="sign()" classname="co.libly.hydride.SignTest" time="0.001"/>
  <testcase name="signMultiPart()" classname="co.libly.hydride.SignTest" time="0.005"/>
  <system-out><![CDATA[]]></system-out>
  <system-err><![CDATA[]]></system-err>
</testsuite>
