<?xml version="1.0" encoding="UTF-8"?>
<testsuite name="co.libly.hydride.PwHashTest" tests="5" skipped="0" failures="0" errors="0" timestamp="2019-08-04T22:23:16" hostname="gp.local" time="0.018">
  <properties/>
  <testcase name="passwordHashUsingMasterKey()" classname="co.libly.hydride.PwHashTest" time="0.002"/>
  <testcase name="passwordHashUsingDerivedKey()" classname="co.libly.hydride.PwHashTest" time="0.001"/>
  <testcase name="upgradeParameters()" classname="co.libly.hydride.PwHashTest" time="0.002"/>
  <testcase name="passwordHashUsingDeterministicKey()" classname="co.libly.hydride.PwHashTest" time="0.003"/>
  <testcase name="reEncryptUsingNewMasterKey()" classname="co.libly.hydride.PwHashTest" time="0.002"/>
  <system-out><![CDATA[]]></system-out>
  <system-err><![CDATA[]]></system-err>
</testsuite>
