<?xml version="1.0" encoding="UTF-8"?>
<testsuite name="co.libly.hydride.KdfTest" tests="1" skipped="0" failures="0" errors="0" timestamp="2019-08-04T22:23:17" hostname="gp.local" time="0.002">
  <properties/>
  <testcase name="deriveKeys()" classname="co.libly.hydride.KdfTest" time="0.002"/>
  <system-out><![CDATA[]]></system-out>
  <system-err><![CDATA[]]></system-err>
</testsuite>
