<?xml version="1.0" encoding="UTF-8"?>
<testsuite name="co.libly.hydride.HashTest" tests="3" skipped="0" failures="0" errors="0" timestamp="2019-08-04T22:23:16" hostname="gp.local" time="0.009">
  <properties/>
  <testcase name="hashWithKey()" classname="co.libly.hydride.HashTest" time="0.002"/>
  <testcase name="multiPartHash()" classname="co.libly.hydride.HashTest" time="0.002"/>
  <testcase name="hashWithoutKey()" classname="co.libly.hydride.HashTest" time="0.001"/>
  <system-out><![CDATA[]]></system-out>
  <system-err><![CDATA[]]></system-err>
</testsuite>
