<?xml version="1.0" encoding="UTF-8"?>
<testsuite name="co.libly.hydride.KeyExchangeXXTest" tests="1" skipped="0" failures="0" errors="0" timestamp="2019-08-04T22:23:16" hostname="gp.local" time="0.01">
  <properties/>
  <testcase name="keyExchange()" classname="co.libly.hydride.KeyExchangeXXTest" time="0.01"/>
  <system-out><![CDATA[]]></system-out>
  <system-err><![CDATA[]]></system-err>
</testsuite>
