<?xml version="1.0" encoding="UTF-8"?>
<testsuite name="co.libly.hydride.SecretBoxTest" tests="2" skipped="0" failures="0" errors="0" timestamp="2019-08-04T22:23:16" hostname="gp.local" time="0.004">
  <properties/>
  <testcase name="encrypt()" classname="co.libly.hydride.SecretBoxTest" time="0.002"/>
  <testcase name="encryptWithProbe()" classname="co.libly.hydride.SecretBoxTest" time="0.001"/>
  <system-out><![CDATA[]]></system-out>
  <system-err><![CDATA[]]></system-err>
</testsuite>
